<?xml version="1.0" encoding="UTF-8"?>
<testng-results skipped="0" failed="0" ignored="0" total="1" passed="1">
  <reporter-output>
  </reporter-output>
  <suite name="Default suite" duration-ms="15897" started-at="2020-04-09T14:00:49 IST" finished-at="2020-04-09T14:01:05 IST">
    <groups>
    </groups>
    <test name="Default test" duration-ms="15897" started-at="2020-04-09T14:00:49 IST" finished-at="2020-04-09T14:01:05 IST">
      <class name="com.Webtours.Tests.HomePageTest">
        <test-method status="PASS" signature="loggers()[pri:0, instance:com.Webtours.Tests.HomePageTest@13b6aecc]" name="loggers" is-config="true" duration-ms="8" started-at="2020-04-09T14:00:49 IST" finished-at="2020-04-09T14:00:49 IST">
          <reporter-output>
          </reporter-output>
        </test-method> <!-- loggers -->
        <test-method status="PASS" signature="setUpTest()[pri:0, instance:com.Webtours.Tests.HomePageTest@13b6aecc]" name="setUpTest" is-config="true" duration-ms="13259" started-at="2020-04-09T14:00:49 IST" finished-at="2020-04-09T14:01:03 IST">
          <reporter-output>
          </reporter-output>
        </test-method> <!-- setUpTest -->
        <test-method status="PASS" signature="signOnTest()[pri:0, instance:com.Webtours.Tests.HomePageTest@13b6aecc]" name="signOnTest" duration-ms="1922" started-at="2020-04-09T14:01:03 IST" finished-at="2020-04-09T14:01:05 IST">
          <reporter-output>
          </reporter-output>
        </test-method> <!-- signOnTest -->
        <test-method status="PASS" signature="endTest()[pri:0, instance:com.Webtours.Tests.HomePageTest@13b6aecc]" name="endTest" is-config="true" duration-ms="645" started-at="2020-04-09T14:01:05 IST" finished-at="2020-04-09T14:01:05 IST">
          <reporter-output>
          </reporter-output>
        </test-method> <!-- endTest -->
      </class> <!-- com.Webtours.Tests.HomePageTest -->
    </test> <!-- Default test -->
  </suite> <!-- Default suite -->
</testng-results>
